<?xml version="1.0" encoding="UTF-8"?>
<!-- Generated by org.testng.reporters.JUnitXMLReporter -->
<testsuite hostname="LAPTOP-UMFJ6OLA" ignored="2" name="Test" tests="2" failures="0" timestamp="2021-06-27T19:36:36 IST" time="0.032" errors="0">
  <testcase name="testCreateCustomer" time="0.0" classname="Com.Actitime.Testscripts.CustomerModule"/>
  <testcase name="createCustomer" time="0.0" classname="Com.Actitime.Testscripts.ProjectModule"/>
  <testcase name="testDeleteCustomer" time="0.0" classname="Com.Actitime.Testscripts.CustomerModule">
    <ignored/>
  </testcase> <!-- testDeleteCustomer -->
  <testcase name="deleteCustomer" time="0.0" classname="Com.Actitime.Testscripts.ProjectModule">
    <ignored/>
  </testcase> <!-- deleteCustomer -->
</testsuite> <!-- Test -->
