<?xml version="1.0" encoding="UTF-8"?>
<testng-results skipped="0" failed="0" ignored="0" total="1" passed="1">
  <reporter-output>
  </reporter-output>
  <suite name="Default suite" duration-ms="14688" started-at="2021-07-02T07:57:14 IST" finished-at="2021-07-02T07:57:29 IST">
    <groups>
    </groups>
    <test name="Default test" duration-ms="14688" started-at="2021-07-02T07:57:14 IST" finished-at="2021-07-02T07:57:29 IST">
      <class name="Com.Actitime.Testscripts.MainMethodsCls">
        <test-method status="PASS" signature="testLogin()[pri:0, instance:Com.Actitime.Testscripts.MainMethodsCls@3712b94]" name="testLogin" duration-ms="14596" started-at="2021-07-02T07:57:14 IST" finished-at="2021-07-02T07:57:29 IST">
          <reporter-output>
          </reporter-output>
        </test-method> <!-- testLogin -->
      </class> <!-- Com.Actitime.Testscripts.MainMethodsCls -->
    </test> <!-- Default test -->
  </suite> <!-- Default suite -->
</testng-results>
