<?xml version="1.0" encoding="UTF-8"?>
<!-- Generated by org.testng.reporters.JUnitXMLReporter -->
<testsuite hostname="LAPTOP-UMFJ6OLA" ignored="1" name="Default test(failed)" tests="1" failures="0" timestamp="2021-06-28T18:40:26 IST" time="0.078" errors="0">
  <testcase name="testDeleteCustomer" time="0.012" classname="Com.Actitime.Testscripts.CustomerModule"/>
  <testcase name="testCreateCustomer" time="0.0" classname="Com.Actitime.Testscripts.CustomerModule">
    <ignored/>
  </testcase> <!-- testCreateCustomer -->
</testsuite> <!-- Default test(failed) -->
